---------------------------------------------------------------

[2020-05-28T17:01:42+08:00] 127.0.0.1 GET deer.com/
[运行时间：1.200243s] [吞吐率：0.83req/s] [内存消耗：3,194.12kb] [文件加载：107]
[ info ] [ LANG ] F:\Project\deer\thinkphp\lang\zh-cn.php
[ info ] [ DB ] INIT mysql
[ info ] [ ROUTE ] array (
)
[ info ] [ HEADER ] array (
  'cookie' => 'PHPSESSID=t9l3lgm45vbt3g26j09j0am6ud; thinkphp_show_page_trace=0|0; dolphin___forward__=%2Fadmin.php%2Fadmin%2Fmenu%2Findex.html',
  'accept-language' => 'zh-CN,zh;q=0.9',
  'accept-encoding' => 'gzip, deflate',
  'accept' => 'text/html,application/xhtml+xml,application/xml;q=0.9,image/webp,image/apng,*/*;q=0.8,application/signed-exchange;v=b3;q=0.9',
  'user-agent' => 'Mozilla/5.0 (Windows NT 10.0; Win64; x64) AppleWebKit/537.36 (KHTML, like Gecko) Chrome/83.0.4103.61 Safari/537.36',
  'upgrade-insecure-requests' => '1',
  'connection' => 'close',
  'host' => 'deer.com',
)
[ info ] [ PARAM ] array (
)
[ info ] [ VIEW ] F:\Project\deer\application\index\view\index\index.html [ array (
  0 => 'configuration',
  1 => 'nav',
  2 => 'now_nav',
  3 => 'title',
) ]
[ sql ] [ DB ] CONNECT:[ UseTime:0.012663s ] mysql:host=127.0.0.1;port=3306;dbname=deer;charset=utf8
[ sql ] [ SQL ] SHOW COLUMNS FROM `dp_admin_config` [ RunTime:0.047371s ]
[ sql ] [ SQL ] SELECT `name`,`value`,`type` FROM `dp_admin_config` [ RunTime:0.000837s ]
[ sql ] [ SQL ] SHOW COLUMNS FROM `dp_admin_module` [ RunTime:0.027287s ]
[ sql ] [ SQL ] SELECT `name`,`config` FROM `dp_admin_module` WHERE  `config` <> '' [ RunTime:0.000477s ]
[ sql ] [ SQL ] SHOW COLUMNS FROM `dp_admin_hook` [ RunTime:0.035822s ]
[ sql ] [ SQL ] SELECT `name`,`status` FROM `dp_admin_hook` WHERE  `status` = 1 [ RunTime:0.000872s ]
[ sql ] [ SQL ] SHOW COLUMNS FROM `dp_admin_plugin` [ RunTime:0.035145s ]
[ sql ] [ SQL ] SELECT `name`,`status` FROM `dp_admin_plugin` WHERE  `status` = 1 [ RunTime:0.000563s ]
[ sql ] [ SQL ] SHOW COLUMNS FROM `dp_admin_hook_plugin` [ RunTime:0.024973s ]
[ sql ] [ SQL ] SELECT * FROM `dp_admin_hook_plugin` WHERE  `status` = 1 ORDER BY `hook`,`sort` [ RunTime:0.000684s ]
[ sql ] [ SQL ] SHOW COLUMNS FROM `dp_admin_navigation` [ RunTime:0.085068s ]
[ sql ] [ SQL ] SELECT `id`,`title`,`url_value`,`params` FROM `dp_admin_navigation` WHERE  `url_value` = 'index/index/index' LIMIT 1 [ RunTime:0.000792s ]
[ sql ] [ SQL ] SHOW COLUMNS FROM `dp_configuration` [ RunTime:0.085086s ]
[ sql ] [ SQL ] SELECT * FROM `dp_configuration` WHERE  `id` = 1 LIMIT 1 [ RunTime:0.000979s ]
[ sql ] [ SQL ] SELECT `id`,`title`,`url_value`,`params` FROM `dp_admin_navigation` WHERE  `pid` = 0  AND `status` = 1 ORDER BY `sort` [ RunTime:0.000810s ]
[ sql ] [ SQL ] SHOW COLUMNS FROM `dp_home_product` [ RunTime:0.108236s ]
[ sql ] [ SQL ] SELECT * FROM `dp_home_product` WHERE  `status` = 1  AND `is_tui` = 1 ORDER BY `sort` LIMIT 6 [ RunTime:0.000730s ]
[ sql ] [ SQL ] SHOW COLUMNS FROM `dp_admin_attachment` [ RunTime:0.113755s ]
[ sql ] [ SQL ] SELECT * FROM `dp_admin_attachment` WHERE  `id` = 8 LIMIT 1 [ RunTime:0.000771s ]
---------------------------------------------------------------

[2020-05-28T17:01:48+08:00] 127.0.0.1 GET deer.com/admin.php/admin/news/edit/id/4.html
[运行时间：11.090701s] [吞吐率：0.09req/s] [内存消耗：3,800.56kb] [文件加载：115]
[ info ] [ LANG ] F:\Project\deer\thinkphp\lang\zh-cn.php
[ info ] [ DB ] INIT mysql
[ info ] [ ROUTE ] array (
)
[ info ] [ HEADER ] array (
  'cookie' => 'thinkphp_show_page_trace=0|0; thinkphp_show_page_trace=0|0; PHPSESSID=t9l3lgm45vbt3g26j09j0am6ud; thinkphp_show_page_trace=0|0; dolphin___forward__=%2Fadmin.php%2Fadmin%2Fmenu%2Findex.html',
  'accept-language' => 'zh-CN,zh;q=0.9',
  'accept-encoding' => 'gzip, deflate',
  'accept' => 'text/html,application/xhtml+xml,application/xml;q=0.9,image/webp,image/apng,*/*;q=0.8,application/signed-exchange;v=b3;q=0.9',
  'user-agent' => 'Mozilla/5.0 (Windows NT 10.0; Win64; x64) AppleWebKit/537.36 (KHTML, like Gecko) Chrome/83.0.4103.61 Safari/537.36',
  'upgrade-insecure-requests' => '1',
  'connection' => 'close',
  'host' => 'deer.com',
)
[ info ] [ PARAM ] array (
  'id' => '4',
)
[ info ] [ VIEW ] F:\Project\deer\application\common/builder/form/layout.html [ array (
  0 => '_admin_base_layout',
  1 => 'system_color',
  2 => '_pop',
  3 => '_top_menus',
  4 => '_top_menus_all',
  5 => '_sidebar_menus',
  6 => '_location',
  7 => '_message',
  8 => '_icons',
  9 => 'aside',
  10 => 'page_title',
  11 => 'page_tips',
  12 => 'tips_type',
  13 => 'btn_hide',
  14 => 'btn_title',
  15 => 'form_items',
  16 => 'tab_nav',
  17 => 'post_url',
  18 => 'form_data',
  19 => 'extra_html',
  20 => 'extra_js',
  21 => 'extra_css',
  22 => 'ajax_submit',
  23 => 'hide_header',
  24 => 'header_title',
  25 => 'js_list',
  26 => 'css_list',
  27 => 'field_triggers',
  28 => 'field_hide',
  29 => 'field_values',
  30 => 'field_clear',
  31 => '_js_files',
  32 => '_js_init',
  33 => '_css_files',
  34 => '_layout',
  35 => 'btn_extra',
  36 => 'submit_confirm',
  37 => 'extend_js_list',
  38 => 'extend_css_list',
  39 => '_method',
  40 => 'empty_tips',
  41 => '_token_name',
  42 => '_token_value',
  43 => '_ueditor',
) ]
[ sql ] [ DB ] CONNECT:[ UseTime:0.012369s ] mysql:host=127.0.0.1;port=3306;dbname=deer;charset=utf8
[ sql ] [ SQL ] SHOW COLUMNS FROM `dp_admin_config` [ RunTime:0.099224s ]
[ sql ] [ SQL ] SELECT `name`,`value`,`type` FROM `dp_admin_config` [ RunTime:0.000657s ]
[ sql ] [ SQL ] SHOW COLUMNS FROM `dp_admin_module` [ RunTime:0.084370s ]
[ sql ] [ SQL ] SELECT `name`,`config` FROM `dp_admin_module` WHERE  `config` <> '' [ RunTime:0.000842s ]
[ sql ] [ SQL ] SHOW COLUMNS FROM `dp_admin_hook` [ RunTime:0.109566s ]
[ sql ] [ SQL ] SELECT `name`,`status` FROM `dp_admin_hook` WHERE  `status` = 1 [ RunTime:0.000647s ]
[ sql ] [ SQL ] SHOW COLUMNS FROM `dp_admin_plugin` [ RunTime:0.077142s ]
[ sql ] [ SQL ] SELECT `name`,`status` FROM `dp_admin_plugin` WHERE  `status` = 1 [ RunTime:0.000687s ]
[ sql ] [ SQL ] SHOW COLUMNS FROM `dp_admin_hook_plugin` [ RunTime:0.074303s ]
[ sql ] [ SQL ] SELECT * FROM `dp_admin_hook_plugin` WHERE  `status` = 1 ORDER BY `hook`,`sort` [ RunTime:0.000540s ]
[ sql ] [ SQL ] SHOW COLUMNS FROM `dp_admin_role` [ RunTime:0.077899s ]
[ sql ] [ SQL ] SELECT `menu_auth` FROM `dp_admin_role` WHERE  `id` = 1 LIMIT 1 [ RunTime:0.000571s ]
[ sql ] [ SQL ] SHOW COLUMNS FROM `dp_admin_menu` [ RunTime:0.081819s ]
[ sql ] [ SQL ] SELECT `id`,`url_value` FROM `dp_admin_menu` WHERE  `id` = in [ RunTime:0.000748s ]
[ sql ] [ SQL ] SELECT `id`,`pid`,`module`,`title`,`url_value`,`url_type`,`url_target`,`icon`,`params` FROM `dp_admin_menu` WHERE  `status` = 1  AND `pid` = 0 ORDER BY `sort`,`id` [ RunTime:0.007302s ]
[ sql ] [ SQL ] SELECT `id`,`pid`,`module`,`title`,`url_value`,`url_type`,`url_target`,`icon`,`params` FROM `dp_admin_menu` WHERE  `status` = 1  AND `pid` = 0 ORDER BY `sort`,`id` [ RunTime:0.000795s ]
[ sql ] [ SQL ] SELECT `id` FROM `dp_admin_menu` WHERE  `pid` <> 0  AND `url_value` = 'admin/news/edit' LIMIT 1 [ RunTime:0.000575s ]
[ sql ] [ SQL ] SELECT `id`,`pid`,`title`,`url_value`,`params` FROM `dp_admin_menu` [ RunTime:0.001196s ]
[ sql ] [ SQL ] SELECT `id`,`pid`,`module`,`title`,`url_value`,`url_type`,`url_target`,`icon`,`params` FROM `dp_admin_menu` WHERE  `status` = 1 ORDER BY `sort`,`id` [ RunTime:0.002881s ]
[ sql ] [ SQL ] SELECT `id` FROM `dp_admin_menu` WHERE  `pid` <> 0  AND `url_value` = 'admin/news/edit' LIMIT 1 [ RunTime:0.000760s ]
[ sql ] [ SQL ] SELECT `id`,`pid`,`title`,`url_value`,`params` FROM `dp_admin_menu` [ RunTime:0.000790s ]
[ sql ] [ SQL ] SHOW COLUMNS FROM `dp_admin_message` [ RunTime:0.096603s ]
[ sql ] [ SQL ] SELECT COUNT(*) AS tp_count FROM `dp_admin_message` WHERE  `status` = 0  AND `uid_receive` = 1 [ RunTime:0.000661s ]
[ sql ] [ SQL ] SHOW COLUMNS FROM `dp_admin_icon` [ RunTime:0.084732s ]
[ sql ] [ SQL ] SELECT * FROM `dp_admin_icon` WHERE  `status` = 1 [ RunTime:0.000515s ]
[ sql ] [ SQL ] SELECT `value` FROM `dp_admin_config` WHERE  `id` = 1 LIMIT 1 [ RunTime:0.000568s ]
[ sql ] [ SQL ] SHOW COLUMNS FROM `dp_home_news` [ RunTime:0.101305s ]
[ sql ] [ SQL ] SELECT * FROM `dp_home_news` WHERE  `id` = 4 LIMIT 1 [ RunTime:0.000695s ]
[ sql ] [ SQL ] SELECT `id` FROM `dp_admin_menu` WHERE  `pid` <> 0  AND `url_value` = 'admin/news/edit' LIMIT 1 [ RunTime:0.000685s ]
[ sql ] [ SQL ] SELECT `id`,`pid`,`title`,`url_value`,`params` FROM `dp_admin_menu` [ RunTime:0.000710s ]
[ sql ] [ SQL ] SHOW COLUMNS FROM `dp_admin_user` [ RunTime:0.097942s ]
[ sql ] [ SQL ] SELECT `avatar` FROM `dp_admin_user` WHERE  `id` = 1 LIMIT 1 [ RunTime:0.000602s ]
[ sql ] [ SQL ] SHOW COLUMNS FROM `dp_admin_attachment` [ RunTime:0.031396s ]
[ sql ] [ SQL ] SELECT * FROM `dp_admin_attachment` WHERE  `id` = 5 LIMIT 1 [ RunTime:0.000599s ]
[ sql ] [ SQL ] SELECT `avatar` FROM `dp_admin_user` WHERE  `id` = 1 LIMIT 1 [ RunTime:0.000555s ]
[ sql ] [ SQL ] SELECT * FROM `dp_admin_attachment` WHERE  `id` = 5 LIMIT 1 [ RunTime:0.000702s ]
[ sql ] [ SQL ] SELECT * FROM `dp_admin_attachment` WHERE  `id` = 65 LIMIT 1 [ RunTime:0.000731s ]
[ sql ] [ SQL ] SELECT `path`,`driver`,`thumb` FROM `dp_admin_attachment` WHERE  `id` = 65 LIMIT 1 [ RunTime:0.000470s ]
---------------------------------------------------------------

[2020-05-28T17:01:49+08:00] 127.0.0.1 GET deer.com/index/aboutus/index.html
[运行时间：3.912009s] [吞吐率：0.26req/s] [内存消耗：3,333.77kb] [文件加载：110]
[ info ] [ LANG ] F:\Project\deer\thinkphp\lang\zh-cn.php
[ info ] [ DB ] INIT mysql
[ info ] [ ROUTE ] array (
)
[ info ] [ HEADER ] array (
  'cookie' => 'PHPSESSID=t9l3lgm45vbt3g26j09j0am6ud; thinkphp_show_page_trace=0|0; dolphin___forward__=%2Fadmin.php%2Fadmin%2Fmenu%2Findex.html',
  'accept-language' => 'zh-CN,zh;q=0.9',
  'accept-encoding' => 'gzip, deflate',
  'referer' => 'http://deer.com/',
  'accept' => 'text/html,application/xhtml+xml,application/xml;q=0.9,image/webp,image/apng,*/*;q=0.8,application/signed-exchange;v=b3;q=0.9',
  'user-agent' => 'Mozilla/5.0 (Windows NT 10.0; Win64; x64) AppleWebKit/537.36 (KHTML, like Gecko) Chrome/83.0.4103.61 Safari/537.36',
  'upgrade-insecure-requests' => '1',
  'connection' => 'close',
  'host' => 'deer.com',
)
[ info ] [ PARAM ] array (
)
[ info ] [ VIEW ] F:\Project\deer\application\index\view\aboutus\index.html [ array (
  0 => 'configuration',
  1 => 'nav',
  2 => 'now_nav',
) ]
[ sql ] [ DB ] CONNECT:[ UseTime:0.011440s ] mysql:host=127.0.0.1;port=3306;dbname=deer;charset=utf8
[ sql ] [ SQL ] SHOW COLUMNS FROM `dp_admin_config` [ RunTime:0.051407s ]
[ sql ] [ SQL ] SELECT `name`,`value`,`type` FROM `dp_admin_config` [ RunTime:0.000677s ]
[ sql ] [ SQL ] SHOW COLUMNS FROM `dp_admin_module` [ RunTime:0.031305s ]
[ sql ] [ SQL ] SELECT `name`,`config` FROM `dp_admin_module` WHERE  `config` <> '' [ RunTime:0.000577s ]
[ sql ] [ SQL ] SHOW COLUMNS FROM `dp_admin_hook` [ RunTime:0.044354s ]
[ sql ] [ SQL ] SELECT `name`,`status` FROM `dp_admin_hook` WHERE  `status` = 1 [ RunTime:0.000612s ]
[ sql ] [ SQL ] SHOW COLUMNS FROM `dp_admin_plugin` [ RunTime:0.037348s ]
[ sql ] [ SQL ] SELECT `name`,`status` FROM `dp_admin_plugin` WHERE  `status` = 1 [ RunTime:0.000598s ]
[ sql ] [ SQL ] SHOW COLUMNS FROM `dp_admin_hook_plugin` [ RunTime:0.031397s ]
[ sql ] [ SQL ] SELECT * FROM `dp_admin_hook_plugin` WHERE  `status` = 1 ORDER BY `hook`,`sort` [ RunTime:0.000583s ]
[ sql ] [ SQL ] SHOW COLUMNS FROM `dp_admin_navigation` [ RunTime:0.033206s ]
[ sql ] [ SQL ] SELECT `id`,`title`,`url_value`,`params` FROM `dp_admin_navigation` WHERE  `url_value` = 'index/aboutus/index' LIMIT 1 [ RunTime:0.000778s ]
[ sql ] [ SQL ] SHOW COLUMNS FROM `dp_configuration` [ RunTime:0.033912s ]
[ sql ] [ SQL ] SELECT * FROM `dp_configuration` WHERE  `id` = 1 LIMIT 1 [ RunTime:0.000634s ]
[ sql ] [ SQL ] SELECT `id`,`title`,`url_value`,`params` FROM `dp_admin_navigation` WHERE  `pid` = 0  AND `status` = 1 ORDER BY `sort` [ RunTime:0.000834s ]
[ sql ] [ SQL ] SHOW COLUMNS FROM `dp_admin_attachment` [ RunTime:0.048391s ]
[ sql ] [ SQL ] SELECT * FROM `dp_admin_attachment` WHERE  `id` = 8 LIMIT 1 [ RunTime:0.000689s ]
